<?xml version="1.0" encoding="UTF-8"?>
<!-- Generated by org.testng.reporters.JUnitReportReporter -->
<testsuite skipped="0" hostname="HemanthKumar" name="MagentoTest" tests="1" failures="0" timestamp="21 Jan 2019 10:29:24 GMT" time="87.420" errors="0">
  <testcase name="magento" time="87.420" classname="MagentoTest"/>
</testsuite> <!-- MagentoTest -->
